android/build_alt_2/capacitor-camera/intermediates/manifest_merge_blame_file/debug/processDebugManifest/manifest-merger-blame-debug-report.txt
1<?xml version="1.0" encoding="utf-8"?>
2<manifest xmlns:android="http://schemas.android.com/apk/res/android"
3    package="com.capacitorjs.plugins.camera" >
4
5    <uses-sdk android:minSdkVersion="24" />
6
7    <queries>
7-->src\main\AndroidManifest.xml:2:5-12:15
8        <intent>
8-->src\main\AndroidManifest.xml:3:9-5:18
9            <action android:name="android.media.action.IMAGE_CAPTURE" />
9-->src\main\AndroidManifest.xml:4:13-73
9-->src\main\AndroidManifest.xml:4:21-70
10        </intent>
11        <intent>
11-->src\main\AndroidManifest.xml:6:9-8:18
12            <action android:name="android.intent.action.GET_CONTENT" />
12-->src\main\AndroidManifest.xml:7:13-72
12-->src\main\AndroidManifest.xml:7:21-69
13        </intent>
14        <intent>
14-->src\main\AndroidManifest.xml:9:9-11:18
15            <action android:name="android.intent.action.PICK" />
15-->src\main\AndroidManifest.xml:10:13-65
15-->src\main\AndroidManifest.xml:10:21-62
16        </intent>
17    </queries>
18
19</manifest>